<?xml version="1.0" encoding="UTF-8"?>
<!-- Generated by org.testng.reporters.JUnitReportReporter -->
<testsuite skipped="0" hostname="aman-PC" name="qaclickacademy.AppiumTest" tests="2" failures="0" timestamp="09 May 2019 04:46:28 GMT" time="0.026" errors="0">
  <testcase name="iosApps" time="0.000" classname="qaclickacademy.AppiumTest"/>
  <testcase name="androidApp" time="0.026" classname="qaclickacademy.AppiumTest"/>
</testsuite> <!-- qaclickacademy.AppiumTest -->
