<?xml version="1.0" encoding="UTF-8"?>
<!-- Generated by org.testng.reporters.JUnitReportReporter -->
<testsuite skipped="0" hostname="aman-PC" name="qaclickacademy.RestAPITest" tests="2" failures="0" timestamp="28 May 2019 01:56:56 GMT" time="0.000" errors="0">
  <testcase name="jiraTest" time="0.000" classname="qaclickacademy.RestAPITest"/>
  <testcase name="deleteTwitterTest" time="0.000" classname="qaclickacademy.RestAPITest"/>
</testsuite> <!-- qaclickacademy.RestAPITest -->
